# JRE version: OpenJDK Runtime Environment Temurin-21.0.10+7 (21.0.10+7) (build 21.0.10+7-LTS)
# Java VM: OpenJDK 64-Bit Server VM Temurin-21.0.10+7 (21.0.10+7-LTS, mixed mode, sharing, tiered, compressed oops, compressed class ptrs, parallel gc, windows-amd64)
GC Precious Log:
 CardTable entry size: 512
 CPUs: 12 total, 12 available
 Memory: 7876M
 Large Page Support: Disabled
 NUMA Support: Disabled
 Compressed Oops: Enabled (32-bit)
 Alignments: Space 512K, Generation 512K, Heap 2M
 Heap Min Capacity: 100M
 Heap Initial Capacity: 100M
 Heap Max Capacity: 2G
 Pre-touch: Disabled
 Parallel Workers: 10
Heap:
 PSYoungGen      total 20480K, used 13494K [0x00000000d5580000, 0x00000000d6d80000, 0x0000000100000000)
  eden space 19968K, 65% used [0x00000000d5580000,0x00000000d6233c70,0x00000000d6900000)
  from space 512K, 95% used [0x00000000d6d00000,0x00000000d6d79ec8,0x00000000d6d80000)
  to   space 2048K, 0% used [0x00000000d6980000,0x00000000d6980000,0x00000000d6b80000)
 ParOldGen       total 68608K, used 32330K [0x0000000080000000, 0x0000000084300000, 0x00000000d5580000)
  object space 68608K, 47% used [0x0000000080000000,0x0000000081f92a78,0x0000000084300000)
 Metaspace       used 43052K, committed 44096K, reserved 1114112K
  class space    used 4387K, committed 4800K, reserved 1048576K
GC Heap History (20 events):
Event: 22.069 GC heap before
{Heap before GC invocations=17 (full 1):
 PSYoungGen      total 22528K, used 22432K [0x00000000d5580000, 0x00000000d6e00000, 0x0000000100000000)
  eden space 19968K, 100% used [0x00000000d5580000,0x00000000d6900000,0x00000000d6900000)
  from space 2560K, 96% used [0x00000000d6900000,0x00000000d6b68010,0x00000000d6b80000)
  to   space 2560K, 0% used [0x00000000d6b80000,0x00000000d6b80000,0x00000000d6e00000)
 ParOldGen       total 68608K, used 25522K [0x0000000080000000, 0x0000000084300000, 0x00000000d5580000)
  object space 68608K, 37% used [0x0000000080000000,0x00000000818ecb68,0x0000000084300000)
 Metaspace       used 33127K, committed 34240K, reserved 1114112K
  class space    used 3397K, committed 3904K, reserved 1048576K
}
Event: 22.075 GC heap after
{Heap after GC invocations=17 (full 1):
 PSYoungGen      total 22528K, used 2232K [0x00000000d5580000, 0x00000000d6e00000, 0x0000000100000000)
  eden space 19968K, 0% used [0x00000000d5580000,0x00000000d5580000,0x00000000d6900000)
  from space 2560K, 87% used [0x00000000d6b80000,0x00000000d6dae200,0x00000000d6e00000)
  to   space 2560K, 0% used [0x00000000d6900000,0x00000000d6900000,0x00000000d6b80000)
 ParOldGen       total 68608K, used 27874K [0x0000000080000000, 0x0000000084300000, 0x00000000d5580000)
  object space 68608K, 40% used [0x0000000080000000,0x0000000081b38b78,0x0000000084300000)
 Metaspace       used 33127K, committed 34240K, reserved 1114112K
  class space    used 3397K, committed 3904K, reserved 1048576K
}
Event: 22.289 GC heap before
{Heap before GC invocations=18 (full 1):
 PSYoungGen      total 22528K, used 22200K [0x00000000d5580000, 0x00000000d6e00000, 0x0000000100000000)
  eden space 19968K, 100% used [0x00000000d5580000,0x00000000d6900000,0x00000000d6900000)
  from space 2560K, 87% used [0x00000000d6b80000,0x00000000d6dae200,0x00000000d6e00000)
  to   space 2560K, 0% used [0x00000000d6900000,0x00000000d6900000,0x00000000d6b80000)
 ParOldGen       total 68608K, used 27874K [0x0000000080000000, 0x0000000084300000, 0x00000000d5580000)
  object space 68608K, 40% used [0x0000000080000000,0x0000000081b38b78,0x0000000084300000)
 Metaspace       used 33387K, committed 34560K, reserved 1114112K
  class space    used 3436K, committed 3968K, reserved 1048576K
}
Event: 22.293 GC heap after
{Heap after GC invocations=18 (full 1):
 PSYoungGen      total 22528K, used 2544K [0x00000000d5580000, 0x00000000d7400000, 0x0000000100000000)
  eden space 19968K, 0% used [0x00000000d5580000,0x00000000d5580000,0x00000000d6900000)
  from space 2560K, 99% used [0x00000000d6900000,0x00000000d6b7c070,0x00000000d6b80000)
  to   space 5632K, 0% used [0x00000000d6e80000,0x00000000d6e80000,0x00000000d7400000)
 ParOldGen       total 68608K, used 30331K [0x0000000080000000, 0x0000000084300000, 0x00000000d5580000)
  object space 68608K, 44% used [0x0000000080000000,0x0000000081d9ed78,0x0000000084300000)
 Metaspace       used 33387K, committed 34560K, reserved 1114112K
  class space    used 3436K, committed 3968K, reserved 1048576K
}
Event: 22.514 GC heap before
{Heap before GC invocations=19 (full 1):
 PSYoungGen      total 22528K, used 13301K [0x00000000d5580000, 0x00000000d7400000, 0x0000000100000000)
  eden space 19968K, 53% used [0x00000000d5580000,0x00000000d60016a0,0x00000000d6900000)
  from space 2560K, 99% used [0x00000000d6900000,0x00000000d6b7c070,0x00000000d6b80000)
  to   space 5632K, 0% used [0x00000000d6e80000,0x00000000d6e80000,0x00000000d7400000)
 ParOldGen       total 68608K, used 30331K [0x0000000080000000, 0x0000000084300000, 0x00000000d5580000)
  object space 68608K, 44% used [0x0000000080000000,0x0000000081d9ed78,0x0000000084300000)
 Metaspace       used 34710K, committed 35840K, reserved 1114112K
  class space    used 3601K, committed 4096K, reserved 1048576K
}
Event: 22.519 GC heap after
{Heap after GC invocations=19 (full 1):
 PSYoungGen      total 20992K, used 888K [0x00000000d5580000, 0x00000000d6f80000, 0x0000000100000000)
  eden space 19968K, 0% used [0x00000000d5580000,0x00000000d5580000,0x00000000d6900000)
  from space 1024K, 86% used [0x00000000d6e80000,0x00000000d6f5e2f0,0x00000000d6f80000)
  to   space 2560K, 0% used [0x00000000d6a80000,0x00000000d6a80000,0x00000000d6d00000)
 ParOldGen       total 68608K, used 31656K [0x0000000080000000, 0x0000000084300000, 0x00000000d5580000)
  object space 68608K, 46% used [0x0000000080000000,0x0000000081eea2d0,0x0000000084300000)
 Metaspace       used 34710K, committed 35840K, reserved 1114112K
  class space    used 3601K, committed 4096K, reserved 1048576K
}
Event: 22.519 GC heap before
{Heap before GC invocations=20 (full 2):
 PSYoungGen      total 20992K, used 888K [0x00000000d5580000, 0x00000000d6f80000, 0x0000000100000000)
  eden space 19968K, 0% used [0x00000000d5580000,0x00000000d5580000,0x00000000d6900000)
  from space 1024K, 86% used [0x00000000d6e80000,0x00000000d6f5e2f0,0x00000000d6f80000)
  to   space 2560K, 0% used [0x00000000d6a80000,0x00000000d6a80000,0x00000000d6d00000)
 ParOldGen       total 68608K, used 31656K [0x0000000080000000, 0x0000000084300000, 0x00000000d5580000)
  object space 68608K, 46% used [0x0000000080000000,0x0000000081eea2d0,0x0000000084300000)
 Metaspace       used 34710K, committed 35840K, reserved 1114112K
  class space    used 3601K, committed 4096K, reserved 1048576K
}
Event: 22.605 GC heap after
{Heap after GC invocations=20 (full 2):
 PSYoungGen      total 20992K, used 0K [0x00000000d5580000, 0x00000000d6f80000, 0x0000000100000000)
  eden space 19968K, 0% used [0x00000000d5580000,0x00000000d5580000,0x00000000d6900000)
  from space 1024K, 0% used [0x00000000d6e80000,0x00000000d6e80000,0x00000000d6f80000)
  to   space 2560K, 0% used [0x00000000d6a80000,0x00000000d6a80000,0x00000000d6d00000)
 ParOldGen       total 68608K, used 29118K [0x0000000080000000, 0x0000000084300000, 0x00000000d5580000)
  object space 68608K, 42% used [0x0000000080000000,0x0000000081c6f988,0x0000000084300000)
 Metaspace       used 34364K, committed 35840K, reserved 1114112K
  class space    used 3501K, committed 4096K, reserved 1048576K
}
Event: 23.155 GC heap before
{Heap before GC invocations=21 (full 2):
 PSYoungGen      total 20992K, used 19968K [0x00000000d5580000, 0x00000000d6f80000, 0x0000000100000000)
  eden space 19968K, 100% used [0x00000000d5580000,0x00000000d6900000,0x00000000d6900000)
  from space 1024K, 0% used [0x00000000d6e80000,0x00000000d6e80000,0x00000000d6f80000)
  to   space 2560K, 0% used [0x00000000d6a80000,0x00000000d6a80000,0x00000000d6d00000)
 ParOldGen       total 68608K, used 29118K [0x0000000080000000, 0x0000000084300000, 0x00000000d5580000)
  object space 68608K, 42% used [0x0000000080000000,0x0000000081c6f988,0x0000000084300000)
 Metaspace       used 35651K, committed 36608K, reserved 1114112K
  class space    used 3634K, committed 4096K, reserved 1048576K
}
Event: 23.158 GC heap after
{Heap after GC invocations=21 (full 2):
 PSYoungGen      total 22528K, used 352K [0x00000000d5580000, 0x00000000d6f00000, 0x0000000100000000)
  eden space 19968K, 0% used [0x00000000d5580000,0x00000000d5580000,0x00000000d6900000)
  from space 2560K, 13% used [0x00000000d6a80000,0x00000000d6ad8000,0x00000000d6d00000)
  to   space 1024K, 0% used [0x00000000d6e00000,0x00000000d6e00000,0x00000000d6f00000)
 ParOldGen       total 68608K, used 29126K [0x0000000080000000, 0x0000000084300000, 0x00000000d5580000)
  object space 68608K, 42% used [0x0000000080000000,0x0000000081c71988,0x0000000084300000)
 Metaspace       used 35651K, committed 36608K, reserved 1114112K
  class space    used 3634K, committed 4096K, reserved 1048576K
}
Event: 23.501 GC heap before
{Heap before GC invocations=22 (full 2):
 PSYoungGen      total 22528K, used 20246K [0x00000000d5580000, 0x00000000d6f00000, 0x0000000100000000)
  eden space 19968K, 99% used [0x00000000d5580000,0x00000000d68ed8b8,0x00000000d6900000)
  from space 2560K, 13% used [0x00000000d6a80000,0x00000000d6ad8000,0x00000000d6d00000)
  to   space 1024K, 0% used [0x00000000d6e00000,0x00000000d6e00000,0x00000000d6f00000)
 ParOldGen       total 68608K, used 29126K [0x0000000080000000, 0x0000000084300000, 0x00000000d5580000)
  object space 68608K, 42% used [0x0000000080000000,0x0000000081c71988,0x0000000084300000)
 Metaspace       used 36821K, committed 37760K, reserved 1114112K
  class space    used 3757K, committed 4160K, reserved 1048576K
}
Event: 23.503 GC heap after
{Heap after GC invocations=22 (full 2):
 PSYoungGen      total 20992K, used 1022K [0x00000000d5580000, 0x00000000d6f00000, 0x0000000100000000)
  eden space 19968K, 0% used [0x00000000d5580000,0x00000000d5580000,0x00000000d6900000)
  from space 1024K, 99% used [0x00000000d6e00000,0x00000000d6eff938,0x00000000d6f00000)
  to   space 2560K, 0% used [0x00000000d6a00000,0x00000000d6a00000,0x00000000d6c80000)
 ParOldGen       total 68608K, used 29963K [0x0000000080000000, 0x0000000084300000, 0x00000000d5580000)
  object space 68608K, 43% used [0x0000000080000000,0x0000000081d42c60,0x0000000084300000)
 Metaspace       used 36821K, committed 37760K, reserved 1114112K
  class space    used 3757K, committed 4160K, reserved 1048576K
}
Event: 23.584 GC heap before
{Heap before GC invocations=23 (full 2):
 PSYoungGen      total 20992K, used 20832K [0x00000000d5580000, 0x00000000d6f00000, 0x0000000100000000)
  eden space 19968K, 99% used [0x00000000d5580000,0x00000000d68d8800,0x00000000d6900000)
  from space 1024K, 99% used [0x00000000d6e00000,0x00000000d6eff938,0x00000000d6f00000)
  to   space 2560K, 0% used [0x00000000d6a00000,0x00000000d6a00000,0x00000000d6c80000)
 ParOldGen       total 68608K, used 29963K [0x0000000080000000, 0x0000000084300000, 0x00000000d5580000)
  object space 68608K, 43% used [0x0000000080000000,0x0000000081d42c60,0x0000000084300000)
 Metaspace       used 36842K, committed 37760K, reserved 1114112K
  class space    used 3757K, committed 4160K, reserved 1048576K
}
Event: 23.586 GC heap after
{Heap after GC invocations=23 (full 2):
 PSYoungGen      total 22528K, used 982K [0x00000000d5580000, 0x00000000d6e80000, 0x0000000100000000)
  eden space 19968K, 0% used [0x00000000d5580000,0x00000000d5580000,0x00000000d6900000)
  from space 2560K, 38% used [0x00000000d6a00000,0x00000000d6af59e8,0x00000000d6c80000)
  to   space 1536K, 0% used [0x00000000d6d00000,0x00000000d6d00000,0x00000000d6e80000)
 ParOldGen       total 68608K, used 30993K [0x0000000080000000, 0x0000000084300000, 0x00000000d5580000)
  object space 68608K, 45% used [0x0000000080000000,0x0000000081e44598,0x0000000084300000)
 Metaspace       used 36842K, committed 37760K, reserved 1114112K
  class space    used 3757K, committed 4160K, reserved 1048576K
}
Event: 23.806 GC heap before
{Heap before GC invocations=24 (full 2):
 PSYoungGen      total 22528K, used 20810K [0x00000000d5580000, 0x00000000d6e80000, 0x0000000100000000)
  eden space 19968K, 99% used [0x00000000d5580000,0x00000000d68dce58,0x00000000d6900000)
  from space 2560K, 38% used [0x00000000d6a00000,0x00000000d6af59e8,0x00000000d6c80000)
  to   space 1536K, 0% used [0x00000000d6d00000,0x00000000d6d00000,0x00000000d6e80000)
 ParOldGen       total 68608K, used 30993K [0x0000000080000000, 0x0000000084300000, 0x00000000d5580000)
  object space 68608K, 45% used [0x0000000080000000,0x0000000081e44598,0x0000000084300000)
 Metaspace       used 38344K, committed 39296K, reserved 1114112K
  class space    used 3917K, committed 4352K, reserved 1048576K
}
Event: 23.807 GC heap after
{Heap after GC invocations=24 (full 2):
 PSYoungGen      total 20992K, used 576K [0x00000000d5580000, 0x00000000d6e00000, 0x0000000100000000)
  eden space 19968K, 0% used [0x00000000d5580000,0x00000000d5580000,0x00000000d6900000)
  from space 1024K, 56% used [0x00000000d6d00000,0x00000000d6d90000,0x00000000d6e00000)
  to   space 1024K, 0% used [0x00000000d6c00000,0x00000000d6c00000,0x00000000d6d00000)
 ParOldGen       total 68608K, used 31009K [0x0000000080000000, 0x0000000084300000, 0x00000000d5580000)
  object space 68608K, 45% used [0x0000000080000000,0x0000000081e48598,0x0000000084300000)
 Metaspace       used 38344K, committed 39296K, reserved 1114112K
  class space    used 3917K, committed 4352K, reserved 1048576K
}
Event: 25.241 GC heap before
{Heap before GC invocations=25 (full 2):
 PSYoungGen      total 20992K, used 20544K [0x00000000d5580000, 0x00000000d6e00000, 0x0000000100000000)
  eden space 19968K, 100% used [0x00000000d5580000,0x00000000d6900000,0x00000000d6900000)
  from space 1024K, 56% used [0x00000000d6d00000,0x00000000d6d90000,0x00000000d6e00000)
  to   space 1024K, 0% used [0x00000000d6c00000,0x00000000d6c00000,0x00000000d6d00000)
 ParOldGen       total 68608K, used 31009K [0x0000000080000000, 0x0000000084300000, 0x00000000d5580000)
  object space 68608K, 45% used [0x0000000080000000,0x0000000081e48598,0x0000000084300000)
 Metaspace       used 40593K, committed 41600K, reserved 1114112K
  class space    used 4147K, committed 4608K, reserved 1048576K
}
Event: 25.244 GC heap after
{Heap after GC invocations=25 (full 2):
 PSYoungGen      total 20992K, used 928K [0x00000000d5580000, 0x00000000d6d80000, 0x0000000100000000)
  eden space 19968K, 0% used [0x00000000d5580000,0x00000000d5580000,0x00000000d6900000)
  from space 1024K, 90% used [0x00000000d6c00000,0x00000000d6ce8020,0x00000000d6d00000)
  to   space 512K, 0% used [0x00000000d6d00000,0x00000000d6d00000,0x00000000d6d80000)
 ParOldGen       total 68608K, used 31337K [0x0000000080000000, 0x0000000084300000, 0x00000000d5580000)
  object space 68608K, 45% used [0x0000000080000000,0x0000000081e9a598,0x0000000084300000)
 Metaspace       used 40593K, committed 41600K, reserved 1114112K
  class space    used 4147K, committed 4608K, reserved 1048576K
}
Event: 150.573 GC heap before
{Heap before GC invocations=26 (full 2):
 PSYoungGen      total 20992K, used 20896K [0x00000000d5580000, 0x00000000d6d80000, 0x0000000100000000)
  eden space 19968K, 100% used [0x00000000d5580000,0x00000000d6900000,0x00000000d6900000)
  from space 1024K, 90% used [0x00000000d6c00000,0x00000000d6ce8020,0x00000000d6d00000)
  to   space 512K, 0% used [0x00000000d6d00000,0x00000000d6d00000,0x00000000d6d80000)
 ParOldGen       total 68608K, used 31337K [0x0000000080000000, 0x0000000084300000, 0x00000000d5580000)
  object space 68608K, 45% used [0x0000000080000000,0x0000000081e9a598,0x0000000084300000)
 Metaspace       used 42434K, committed 43456K, reserved 1114112K
  class space    used 4311K, committed 4736K, reserved 1048576K
}
Event: 150.575 GC heap after
{Heap after GC invocations=26 (full 2):
 PSYoungGen      total 20480K, used 487K [0x00000000d5580000, 0x00000000d6d80000, 0x0000000100000000)
  eden space 19968K, 0% used [0x00000000d5580000,0x00000000d5580000,0x00000000d6900000)
  from space 512K, 95% used [0x00000000d6d00000,0x00000000d6d79ec8,0x00000000d6d80000)
  to   space 2048K, 0% used [0x00000000d6980000,0x00000000d6980000,0x00000000d6b80000)
 ParOldGen       total 68608K, used 32330K [0x0000000080000000, 0x0000000084300000, 0x00000000d5580000)
  object space 68608K, 47% used [0x0000000080000000,0x0000000081f92a78,0x0000000084300000)
 Metaspace       used 42434K, committed 43456K, reserved 1114112K
  class space    used 4311K, committed 4736K, reserved 1048576K
}

