# JRE version: OpenJDK Runtime Environment Temurin-21.0.10+7 (21.0.10+7) (build 21.0.10+7-LTS)
# Java VM: OpenJDK 64-Bit Server VM Temurin-21.0.10+7 (21.0.10+7-LTS, mixed mode, sharing, tiered, compressed oops, compressed class ptrs, parallel gc, windows-amd64)
GC Precious Log:
 CardTable entry size: 512
 CPUs: 12 total, 12 available
 Memory: 7876M
 Large Page Support: Disabled
 NUMA Support: Disabled
 Compressed Oops: Enabled (32-bit)
 Alignments: Space 512K, Generation 512K, Heap 2M
 Heap Min Capacity: 100M
 Heap Initial Capacity: 100M
 Heap Max Capacity: 2G
 Pre-touch: Disabled
 Parallel Workers: 10
Heap:
 PSYoungGen      total 14848K, used 1024K [0x00000000d5580000, 0x00000000d6880000, 0x0000000100000000)
  eden space 13824K, 0% used [0x00000000d5580000,0x00000000d5580000,0x00000000d6300000)
  from space 1024K, 100% used [0x00000000d6780000,0x00000000d6880000,0x00000000d6880000)
  to   space 2560K, 0% used [0x00000000d6400000,0x00000000d6400000,0x00000000d6680000)
 ParOldGen       total 95232K, used 93272K [0x0000000080000000, 0x0000000085d00000, 0x00000000d5580000)
  object space 95232K, 97% used [0x0000000080000000,0x0000000085b16110,0x0000000085d00000)
 Metaspace       used 66261K, committed 67648K, reserved 1114112K
  class space    used 7157K, committed 7744K, reserved 1048576K
GC Heap History (20 events):
Event: 50.256 GC heap before
{Heap before GC invocations=35 (full 2):
 PSYoungGen      total 17920K, used 17440K [0x00000000d5580000, 0x00000000d6a00000, 0x0000000100000000)
  eden space 16896K, 100% used [0x00000000d5580000,0x00000000d6600000,0x00000000d6600000)
  from space 1024K, 53% used [0x00000000d6900000,0x00000000d6988010,0x00000000d6a00000)
  to   space 1024K, 0% used [0x00000000d6800000,0x00000000d6800000,0x00000000d6900000)
 ParOldGen       total 68608K, used 43711K [0x0000000080000000, 0x0000000084300000, 0x00000000d5580000)
  object space 68608K, 63% used [0x0000000080000000,0x0000000082aafff8,0x0000000084300000)
 Metaspace       used 58417K, committed 59648K, reserved 1114112K
  class space    used 6312K, committed 6848K, reserved 1048576K
}
Event: 50.257 GC heap after
{Heap after GC invocations=35 (full 2):
 PSYoungGen      total 17408K, used 512K [0x00000000d5580000, 0x00000000d6980000, 0x0000000100000000)
  eden space 16896K, 0% used [0x00000000d5580000,0x00000000d5580000,0x00000000d6600000)
  from space 512K, 100% used [0x00000000d6800000,0x00000000d6880000,0x00000000d6880000)
  to   space 1024K, 0% used [0x00000000d6880000,0x00000000d6880000,0x00000000d6980000)
 ParOldGen       total 68608K, used 43975K [0x0000000080000000, 0x0000000084300000, 0x00000000d5580000)
  object space 68608K, 64% used [0x0000000080000000,0x0000000082af1ff8,0x0000000084300000)
 Metaspace       used 58417K, committed 59648K, reserved 1114112K
  class space    used 6312K, committed 6848K, reserved 1048576K
}
Event: 50.500 GC heap before
{Heap before GC invocations=36 (full 2):
 PSYoungGen      total 17408K, used 3578K [0x00000000d5580000, 0x00000000d6980000, 0x0000000100000000)
  eden space 16896K, 18% used [0x00000000d5580000,0x00000000d587e968,0x00000000d6600000)
  from space 512K, 100% used [0x00000000d6800000,0x00000000d6880000,0x00000000d6880000)
  to   space 1024K, 0% used [0x00000000d6880000,0x00000000d6880000,0x00000000d6980000)
 ParOldGen       total 68608K, used 43975K [0x0000000080000000, 0x0000000084300000, 0x00000000d5580000)
  object space 68608K, 64% used [0x0000000080000000,0x0000000082af1ff8,0x0000000084300000)
 Metaspace       used 58644K, committed 59776K, reserved 1114112K
  class space    used 6342K, committed 6848K, reserved 1048576K
}
Event: 50.502 GC heap after
{Heap after GC invocations=36 (full 2):
 PSYoungGen      total 17408K, used 256K [0x00000000d5580000, 0x00000000d6900000, 0x0000000100000000)
  eden space 16896K, 0% used [0x00000000d5580000,0x00000000d5580000,0x00000000d6600000)
  from space 512K, 50% used [0x00000000d6880000,0x00000000d68c0000,0x00000000d6900000)
  to   space 512K, 0% used [0x00000000d6800000,0x00000000d6800000,0x00000000d6880000)
 ParOldGen       total 68608K, used 44236K [0x0000000080000000, 0x0000000084300000, 0x00000000d5580000)
  object space 68608K, 64% used [0x0000000080000000,0x0000000082b33288,0x0000000084300000)
 Metaspace       used 58644K, committed 59776K, reserved 1114112K
  class space    used 6342K, committed 6848K, reserved 1048576K
}
Event: 50.502 GC heap before
{Heap before GC invocations=37 (full 3):
 PSYoungGen      total 17408K, used 256K [0x00000000d5580000, 0x00000000d6900000, 0x0000000100000000)
  eden space 16896K, 0% used [0x00000000d5580000,0x00000000d5580000,0x00000000d6600000)
  from space 512K, 50% used [0x00000000d6880000,0x00000000d68c0000,0x00000000d6900000)
  to   space 512K, 0% used [0x00000000d6800000,0x00000000d6800000,0x00000000d6880000)
 ParOldGen       total 68608K, used 44236K [0x0000000080000000, 0x0000000084300000, 0x00000000d5580000)
  object space 68608K, 64% used [0x0000000080000000,0x0000000082b33288,0x0000000084300000)
 Metaspace       used 58644K, committed 59776K, reserved 1114112K
  class space    used 6342K, committed 6848K, reserved 1048576K
}
Event: 50.563 GC heap after
{Heap after GC invocations=37 (full 3):
 PSYoungGen      total 17408K, used 0K [0x00000000d5580000, 0x00000000d6900000, 0x0000000100000000)
  eden space 16896K, 0% used [0x00000000d5580000,0x00000000d5580000,0x00000000d6600000)
  from space 512K, 0% used [0x00000000d6880000,0x00000000d6880000,0x00000000d6900000)
  to   space 512K, 0% used [0x00000000d6800000,0x00000000d6800000,0x00000000d6880000)
 ParOldGen       total 68608K, used 41493K [0x0000000080000000, 0x0000000084300000, 0x00000000d5580000)
  object space 68608K, 60% used [0x0000000080000000,0x0000000082885710,0x0000000084300000)
 Metaspace       used 58644K, committed 59776K, reserved 1114112K
  class space    used 6342K, committed 6848K, reserved 1048576K
}
Event: 50.824 GC heap before
{Heap before GC invocations=38 (full 3):
 PSYoungGen      total 17408K, used 16886K [0x00000000d5580000, 0x00000000d6900000, 0x0000000100000000)
  eden space 16896K, 99% used [0x00000000d5580000,0x00000000d65fdb70,0x00000000d6600000)
  from space 512K, 0% used [0x00000000d6880000,0x00000000d6880000,0x00000000d6900000)
  to   space 512K, 0% used [0x00000000d6800000,0x00000000d6800000,0x00000000d6880000)
 ParOldGen       total 68608K, used 41493K [0x0000000080000000, 0x0000000084300000, 0x00000000d5580000)
  object space 68608K, 60% used [0x0000000080000000,0x0000000082885710,0x0000000084300000)
 Metaspace       used 60383K, committed 61632K, reserved 1114112K
  class space    used 6557K, committed 7104K, reserved 1048576K
}
Event: 50.827 GC heap after
{Heap after GC invocations=38 (full 3):
 PSYoungGen      total 17408K, used 497K [0x00000000d5580000, 0x00000000d6900000, 0x0000000100000000)
  eden space 16896K, 0% used [0x00000000d5580000,0x00000000d5580000,0x00000000d6600000)
  from space 512K, 97% used [0x00000000d6800000,0x00000000d687c648,0x00000000d6880000)
  to   space 512K, 0% used [0x00000000d6880000,0x00000000d6880000,0x00000000d6900000)
 ParOldGen       total 68608K, used 41730K [0x0000000080000000, 0x0000000084300000, 0x00000000d5580000)
  object space 68608K, 60% used [0x0000000080000000,0x00000000828c0948,0x0000000084300000)
 Metaspace       used 60383K, committed 61632K, reserved 1114112K
  class space    used 6557K, committed 7104K, reserved 1048576K
}
Event: 51.021 GC heap before
{Heap before GC invocations=39 (full 3):
 PSYoungGen      total 17408K, used 17393K [0x00000000d5580000, 0x00000000d6900000, 0x0000000100000000)
  eden space 16896K, 100% used [0x00000000d5580000,0x00000000d6600000,0x00000000d6600000)
  from space 512K, 97% used [0x00000000d6800000,0x00000000d687c648,0x00000000d6880000)
  to   space 512K, 0% used [0x00000000d6880000,0x00000000d6880000,0x00000000d6900000)
 ParOldGen       total 68608K, used 41730K [0x0000000080000000, 0x0000000084300000, 0x00000000d5580000)
  object space 68608K, 60% used [0x0000000080000000,0x00000000828c0948,0x0000000084300000)
 Metaspace       used 62440K, committed 63808K, reserved 1114112K
  class space    used 6777K, committed 7360K, reserved 1048576K
}
Event: 51.024 GC heap after
{Heap after GC invocations=39 (full 3):
 PSYoungGen      total 17408K, used 494K [0x00000000d5580000, 0x00000000d6b00000, 0x0000000100000000)
  eden space 16896K, 0% used [0x00000000d5580000,0x00000000d5580000,0x00000000d6600000)
  from space 512K, 96% used [0x00000000d6880000,0x00000000d68fba38,0x00000000d6900000)
  to   space 2560K, 0% used [0x00000000d6600000,0x00000000d6600000,0x00000000d6880000)
 ParOldGen       total 68608K, used 43204K [0x0000000080000000, 0x0000000084300000, 0x00000000d5580000)
  object space 68608K, 62% used [0x0000000080000000,0x0000000082a31048,0x0000000084300000)
 Metaspace       used 62440K, committed 63808K, reserved 1114112K
  class space    used 6777K, committed 7360K, reserved 1048576K
}
Event: 51.300 GC heap before
{Heap before GC invocations=40 (full 3):
 PSYoungGen      total 17408K, used 17390K [0x00000000d5580000, 0x00000000d6b00000, 0x0000000100000000)
  eden space 16896K, 100% used [0x00000000d5580000,0x00000000d6600000,0x00000000d6600000)
  from space 512K, 96% used [0x00000000d6880000,0x00000000d68fba38,0x00000000d6900000)
  to   space 2560K, 0% used [0x00000000d6600000,0x00000000d6600000,0x00000000d6880000)
 ParOldGen       total 68608K, used 43204K [0x0000000080000000, 0x0000000084300000, 0x00000000d5580000)
  object space 68608K, 62% used [0x0000000080000000,0x0000000082a31048,0x0000000084300000)
 Metaspace       used 64501K, committed 65920K, reserved 1114112K
  class space    used 7000K, committed 7616K, reserved 1048576K
}
Event: 51.303 GC heap after
{Heap after GC invocations=40 (full 3):
 PSYoungGen      total 19456K, used 2329K [0x00000000d5580000, 0x00000000d6b00000, 0x0000000100000000)
  eden space 16896K, 0% used [0x00000000d5580000,0x00000000d5580000,0x00000000d6600000)
  from space 2560K, 91% used [0x00000000d6600000,0x00000000d6846740,0x00000000d6880000)
  to   space 2560K, 0% used [0x00000000d6880000,0x00000000d6880000,0x00000000d6b00000)
 ParOldGen       total 68608K, used 43656K [0x0000000080000000, 0x0000000084300000, 0x00000000d5580000)
  object space 68608K, 63% used [0x0000000080000000,0x0000000082aa20b0,0x0000000084300000)
 Metaspace       used 64501K, committed 65920K, reserved 1114112K
  class space    used 7000K, committed 7616K, reserved 1048576K
}
Event: 51.514 GC heap before
{Heap before GC invocations=41 (full 3):
 PSYoungGen      total 19456K, used 19225K [0x00000000d5580000, 0x00000000d6b00000, 0x0000000100000000)
  eden space 16896K, 100% used [0x00000000d5580000,0x00000000d6600000,0x00000000d6600000)
  from space 2560K, 91% used [0x00000000d6600000,0x00000000d6846740,0x00000000d6880000)
  to   space 2560K, 0% used [0x00000000d6880000,0x00000000d6880000,0x00000000d6b00000)
 ParOldGen       total 68608K, used 43656K [0x0000000080000000, 0x0000000084300000, 0x00000000d5580000)
  object space 68608K, 63% used [0x0000000080000000,0x0000000082aa20b0,0x0000000084300000)
 Metaspace       used 65379K, committed 66752K, reserved 1114112K
  class space    used 7086K, committed 7680K, reserved 1048576K
}
Event: 51.519 GC heap after
{Heap after GC invocations=41 (full 3):
 PSYoungGen      total 16384K, used 2530K [0x00000000d5580000, 0x00000000d7100000, 0x0000000100000000)
  eden space 13824K, 0% used [0x00000000d5580000,0x00000000d5580000,0x00000000d6300000)
  from space 2560K, 98% used [0x00000000d6880000,0x00000000d6af89b0,0x00000000d6b00000)
  to   space 5632K, 0% used [0x00000000d6300000,0x00000000d6300000,0x00000000d6880000)
 ParOldGen       total 68608K, used 45939K [0x0000000080000000, 0x0000000084300000, 0x00000000d5580000)
  object space 68608K, 66% used [0x0000000080000000,0x0000000082cdcde8,0x0000000084300000)
 Metaspace       used 65379K, committed 66752K, reserved 1114112K
  class space    used 7086K, committed 7680K, reserved 1048576K
}
Event: 51.597 GC heap before
{Heap before GC invocations=42 (full 3):
 PSYoungGen      total 16384K, used 15227K [0x00000000d5580000, 0x00000000d7100000, 0x0000000100000000)
  eden space 13824K, 91% used [0x00000000d5580000,0x00000000d61e6278,0x00000000d6300000)
  from space 2560K, 98% used [0x00000000d6880000,0x00000000d6af89b0,0x00000000d6b00000)
  to   space 5632K, 0% used [0x00000000d6300000,0x00000000d6300000,0x00000000d6880000)
 ParOldGen       total 68608K, used 45939K [0x0000000080000000, 0x0000000084300000, 0x00000000d5580000)
  object space 68608K, 66% used [0x0000000080000000,0x0000000082cdcde8,0x0000000084300000)
 Metaspace       used 65809K, committed 67200K, reserved 1114112K
  class space    used 7122K, committed 7744K, reserved 1048576K
}
Event: 51.603 GC heap after
{Heap after GC invocations=42 (full 3):
 PSYoungGen      total 18944K, used 4858K [0x00000000d5580000, 0x00000000d6d00000, 0x0000000100000000)
  eden space 13824K, 0% used [0x00000000d5580000,0x00000000d5580000,0x00000000d6300000)
  from space 5120K, 94% used [0x00000000d6300000,0x00000000d67be938,0x00000000d6800000)
  to   space 5120K, 0% used [0x00000000d6800000,0x00000000d6800000,0x00000000d6d00000)
 ParOldGen       total 68608K, used 49623K [0x0000000080000000, 0x0000000084300000, 0x00000000d5580000)
  object space 68608K, 72% used [0x0000000080000000,0x0000000083075d30,0x0000000084300000)
 Metaspace       used 65809K, committed 67200K, reserved 1114112K
  class space    used 7122K, committed 7744K, reserved 1048576K
}
Event: 51.644 GC heap before
{Heap before GC invocations=43 (full 3):
 PSYoungGen      total 18944K, used 18682K [0x00000000d5580000, 0x00000000d6d00000, 0x0000000100000000)
  eden space 13824K, 100% used [0x00000000d5580000,0x00000000d6300000,0x00000000d6300000)
  from space 5120K, 94% used [0x00000000d6300000,0x00000000d67be938,0x00000000d6800000)
  to   space 5120K, 0% used [0x00000000d6800000,0x00000000d6800000,0x00000000d6d00000)
 ParOldGen       total 68608K, used 49623K [0x0000000080000000, 0x0000000084300000, 0x00000000d5580000)
  object space 68608K, 72% used [0x0000000080000000,0x0000000083075fd8,0x0000000084300000)
 Metaspace       used 65905K, committed 67328K, reserved 1114112K
  class space    used 7127K, committed 7744K, reserved 1048576K
}
Event: 51.650 GC heap after
{Heap after GC invocations=43 (full 3):
 PSYoungGen      total 14848K, used 708K [0x00000000d5580000, 0x00000000d6900000, 0x0000000100000000)
  eden space 13824K, 0% used [0x00000000d5580000,0x00000000d5580000,0x00000000d6300000)
  from space 1024K, 69% used [0x00000000d6800000,0x00000000d68b13a8,0x00000000d6900000)
  to   space 2560K, 0% used [0x00000000d6400000,0x00000000d6400000,0x00000000d6680000)
 ParOldGen       total 68608K, used 58045K [0x0000000080000000, 0x0000000084300000, 0x00000000d5580000)
  object space 68608K, 84% used [0x0000000080000000,0x00000000838af438,0x0000000084300000)
 Metaspace       used 65905K, committed 67328K, reserved 1114112K
  class space    used 7127K, committed 7744K, reserved 1048576K
}
Event: 51.713 GC heap before
{Heap before GC invocations=44 (full 3):
 PSYoungGen      total 14848K, used 14532K [0x00000000d5580000, 0x00000000d6900000, 0x0000000100000000)
  eden space 13824K, 100% used [0x00000000d5580000,0x00000000d6300000,0x00000000d6300000)
  from space 1024K, 69% used [0x00000000d6800000,0x00000000d68b13a8,0x00000000d6900000)
  to   space 2560K, 0% used [0x00000000d6400000,0x00000000d6400000,0x00000000d6680000)
 ParOldGen       total 95232K, used 84376K [0x0000000080000000, 0x0000000085d00000, 0x00000000d5580000)
  object space 95232K, 88% used [0x0000000080000000,0x00000000852660f0,0x0000000085d00000)
 Metaspace       used 66211K, committed 67584K, reserved 1114112K
  class space    used 7156K, committed 7744K, reserved 1048576K
}
Event: 51.714 GC heap after
{Heap after GC invocations=44 (full 3):
 PSYoungGen      total 16384K, used 640K [0x00000000d5580000, 0x00000000d6880000, 0x0000000100000000)
  eden space 13824K, 0% used [0x00000000d5580000,0x00000000d5580000,0x00000000d6300000)
  from space 2560K, 25% used [0x00000000d6400000,0x00000000d64a0000,0x00000000d6680000)
  to   space 1024K, 0% used [0x00000000d6780000,0x00000000d6780000,0x00000000d6880000)
 ParOldGen       total 95232K, used 84720K [0x0000000080000000, 0x0000000085d00000, 0x00000000d5580000)
  object space 95232K, 88% used [0x0000000080000000,0x00000000852bc0f0,0x0000000085d00000)
 Metaspace       used 66211K, committed 67584K, reserved 1114112K
  class space    used 7156K, committed 7744K, reserved 1048576K
}

