# JRE version: OpenJDK Runtime Environment Temurin-21.0.10+7 (21.0.10+7) (build 21.0.10+7-LTS)
# Java VM: OpenJDK 64-Bit Server VM Temurin-21.0.10+7 (21.0.10+7-LTS, mixed mode, sharing, tiered, compressed oops, compressed class ptrs, parallel gc, windows-amd64)
GC Precious Log:
 CardTable entry size: 512
 CPUs: 12 total, 12 available
 Memory: 7876M
 Large Page Support: Disabled
 NUMA Support: Disabled
 Compressed Oops: Enabled (32-bit)
 Alignments: Space 512K, Generation 512K, Heap 2M
 Heap Min Capacity: 100M
 Heap Initial Capacity: 100M
 Heap Max Capacity: 2G
 Pre-touch: Disabled
 Parallel Workers: 10
Heap:
 PSYoungGen      total 17920K, used 12712K [0x00000000d5580000, 0x00000000d6e00000, 0x0000000100000000)
  eden space 15872K, 68% used [0x00000000d5580000,0x00000000d601ee08,0x00000000d6500000)
  from space 2048K, 89% used [0x00000000d6500000,0x00000000d66cb590,0x00000000d6700000)
  to   space 4096K, 0% used [0x00000000d6a00000,0x00000000d6a00000,0x00000000d6e00000)
 ParOldGen       total 133632K, used 133594K [0x0000000080000000, 0x0000000088280000, 0x00000000d5580000)
  object space 133632K, 99% used [0x0000000080000000,0x0000000088276a98,0x0000000088280000)
 Metaspace       used 71172K, committed 72640K, reserved 1114112K
  class space    used 7562K, committed 8192K, reserved 1048576K
GC Heap History (20 events):
Event: 159.494 GC heap before
{Heap before GC invocations=43 (full 3):
 PSYoungGen      total 30720K, used 30528K [0x00000000d5580000, 0x00000000d8180000, 0x0000000100000000)
  eden space 20480K, 100% used [0x00000000d5580000,0x00000000d6980000,0x00000000d6980000)
  from space 10240K, 98% used [0x00000000d6980000,0x00000000d7350000,0x00000000d7380000)
  to   space 12288K, 0% used [0x00000000d7580000,0x00000000d7580000,0x00000000d8180000)
 ParOldGen       total 108032K, used 107606K [0x0000000080000000, 0x0000000086980000, 0x00000000d5580000)
  object space 108032K, 99% used [0x0000000080000000,0x0000000086915828,0x0000000086980000)
 Metaspace       used 65525K, committed 66880K, reserved 1114112K
  class space    used 7073K, committed 7616K, reserved 1048576K
}
Event: 159.521 GC heap after
{Heap after GC invocations=43 (full 3):
 PSYoungGen      total 22016K, used 1216K [0x00000000d5580000, 0x00000000d7700000, 0x0000000100000000)
  eden space 20480K, 0% used [0x00000000d5580000,0x00000000d5580000,0x00000000d6980000)
  from space 1536K, 79% used [0x00000000d7580000,0x00000000d76b0040,0x00000000d7700000)
  to   space 5120K, 0% used [0x00000000d6d00000,0x00000000d6d00000,0x00000000d7200000)
 ParOldGen       total 117760K, used 117505K [0x0000000080000000, 0x0000000087300000, 0x00000000d5580000)
  object space 117760K, 99% used [0x0000000080000000,0x00000000872c0430,0x0000000087300000)
 Metaspace       used 65525K, committed 66880K, reserved 1114112K
  class space    used 7073K, committed 7616K, reserved 1048576K
}
Event: 160.271 GC heap before
{Heap before GC invocations=44 (full 3):
 PSYoungGen      total 22016K, used 21696K [0x00000000d5580000, 0x00000000d7700000, 0x0000000100000000)
  eden space 20480K, 100% used [0x00000000d5580000,0x00000000d6980000,0x00000000d6980000)
  from space 1536K, 79% used [0x00000000d7580000,0x00000000d76b0040,0x00000000d7700000)
  to   space 5120K, 0% used [0x00000000d6d00000,0x00000000d6d00000,0x00000000d7200000)
 ParOldGen       total 117760K, used 117505K [0x0000000080000000, 0x0000000087300000, 0x00000000d5580000)
  object space 117760K, 99% used [0x0000000080000000,0x00000000872c0430,0x0000000087300000)
 Metaspace       used 66096K, committed 67456K, reserved 1114112K
  class space    used 7127K, committed 7680K, reserved 1048576K
}
Event: 160.280 GC heap after
{Heap after GC invocations=44 (full 3):
 PSYoungGen      total 24576K, used 3675K [0x00000000d5580000, 0x00000000d7600000, 0x0000000100000000)
  eden space 20480K, 0% used [0x00000000d5580000,0x00000000d5580000,0x00000000d6980000)
  from space 4096K, 89% used [0x00000000d6d00000,0x00000000d7096c88,0x00000000d7100000)
  to   space 4608K, 0% used [0x00000000d7180000,0x00000000d7180000,0x00000000d7600000)
 ParOldGen       total 118272K, used 118234K [0x0000000080000000, 0x0000000087380000, 0x00000000d5580000)
  object space 118272K, 99% used [0x0000000080000000,0x00000000873769b8,0x0000000087380000)
 Metaspace       used 66096K, committed 67456K, reserved 1114112K
  class space    used 7127K, committed 7680K, reserved 1048576K
}
Event: 161.200 GC heap before
{Heap before GC invocations=45 (full 3):
 PSYoungGen      total 24576K, used 24155K [0x00000000d5580000, 0x00000000d7600000, 0x0000000100000000)
  eden space 20480K, 99% used [0x00000000d5580000,0x00000000d697ffd8,0x00000000d6980000)
  from space 4096K, 89% used [0x00000000d6d00000,0x00000000d7096c88,0x00000000d7100000)
  to   space 4608K, 0% used [0x00000000d7180000,0x00000000d7180000,0x00000000d7600000)
 ParOldGen       total 118272K, used 118234K [0x0000000080000000, 0x0000000087380000, 0x00000000d5580000)
  object space 118272K, 99% used [0x0000000080000000,0x00000000873769b8,0x0000000087380000)
 Metaspace       used 67034K, committed 68352K, reserved 1114112K
  class space    used 7195K, committed 7744K, reserved 1048576K
}
Event: 161.211 GC heap after
{Heap after GC invocations=45 (full 3):
 PSYoungGen      total 22528K, used 1760K [0x00000000d5580000, 0x00000000d7380000, 0x0000000100000000)
  eden space 20480K, 0% used [0x00000000d5580000,0x00000000d5580000,0x00000000d6980000)
  from space 2048K, 85% used [0x00000000d7180000,0x00000000d7338020,0x00000000d7380000)
  to   space 2560K, 0% used [0x00000000d6e80000,0x00000000d6e80000,0x00000000d7100000)
 ParOldGen       total 121856K, used 121692K [0x0000000080000000, 0x0000000087700000, 0x00000000d5580000)
  object space 121856K, 99% used [0x0000000080000000,0x00000000876d7160,0x0000000087700000)
 Metaspace       used 67034K, committed 68352K, reserved 1114112K
  class space    used 7195K, committed 7744K, reserved 1048576K
}
Event: 170.349 GC heap before
{Heap before GC invocations=46 (full 3):
 PSYoungGen      total 22528K, used 22240K [0x00000000d5580000, 0x00000000d7380000, 0x0000000100000000)
  eden space 20480K, 100% used [0x00000000d5580000,0x00000000d6980000,0x00000000d6980000)
  from space 2048K, 85% used [0x00000000d7180000,0x00000000d7338020,0x00000000d7380000)
  to   space 2560K, 0% used [0x00000000d6e80000,0x00000000d6e80000,0x00000000d7100000)
 ParOldGen       total 121856K, used 121692K [0x0000000080000000, 0x0000000087700000, 0x00000000d5580000)
  object space 121856K, 99% used [0x0000000080000000,0x00000000876d7160,0x0000000087700000)
 Metaspace       used 68886K, committed 70336K, reserved 1114112K
  class space    used 7394K, committed 8000K, reserved 1048576K
}
Event: 170.356 GC heap after
{Heap after GC invocations=46 (full 3):
 PSYoungGen      total 22528K, used 1950K [0x00000000d5580000, 0x00000000d7200000, 0x0000000100000000)
  eden space 20480K, 0% used [0x00000000d5580000,0x00000000d5580000,0x00000000d6980000)
  from space 2048K, 95% used [0x00000000d6e80000,0x00000000d7067ad0,0x00000000d7080000)
  to   space 1536K, 0% used [0x00000000d7080000,0x00000000d7080000,0x00000000d7200000)
 ParOldGen       total 122880K, used 122665K [0x0000000080000000, 0x0000000087800000, 0x00000000d5580000)
  object space 122880K, 99% used [0x0000000080000000,0x00000000877ca5d0,0x0000000087800000)
 Metaspace       used 68886K, committed 70336K, reserved 1114112K
  class space    used 7394K, committed 8000K, reserved 1048576K
}
Event: 172.171 GC heap before
{Heap before GC invocations=47 (full 3):
 PSYoungGen      total 22528K, used 22430K [0x00000000d5580000, 0x00000000d7200000, 0x0000000100000000)
  eden space 20480K, 100% used [0x00000000d5580000,0x00000000d6980000,0x00000000d6980000)
  from space 2048K, 95% used [0x00000000d6e80000,0x00000000d7067ad0,0x00000000d7080000)
  to   space 1536K, 0% used [0x00000000d7080000,0x00000000d7080000,0x00000000d7200000)
 ParOldGen       total 122880K, used 122665K [0x0000000080000000, 0x0000000087800000, 0x00000000d5580000)
  object space 122880K, 99% used [0x0000000080000000,0x00000000877ca5d0,0x0000000087800000)
 Metaspace       used 69362K, committed 70848K, reserved 1114112K
  class space    used 7426K, committed 8064K, reserved 1048576K
}
Event: 172.179 GC heap after
{Heap after GC invocations=47 (full 3):
 PSYoungGen      total 22016K, used 1505K [0x00000000d5580000, 0x00000000d7200000, 0x0000000100000000)
  eden space 20480K, 0% used [0x00000000d5580000,0x00000000d5580000,0x00000000d6980000)
  from space 1536K, 98% used [0x00000000d7080000,0x00000000d71f87b0,0x00000000d7200000)
  to   space 3584K, 0% used [0x00000000d6b00000,0x00000000d6b00000,0x00000000d6e80000)
 ParOldGen       total 124416K, used 124252K [0x0000000080000000, 0x0000000087980000, 0x00000000d5580000)
  object space 124416K, 99% used [0x0000000080000000,0x0000000087957258,0x0000000087980000)
 Metaspace       used 69362K, committed 70848K, reserved 1114112K
  class space    used 7426K, committed 8064K, reserved 1048576K
}
Event: 939.381 GC heap before
{Heap before GC invocations=48 (full 3):
 PSYoungGen      total 22016K, used 21985K [0x00000000d5580000, 0x00000000d7200000, 0x0000000100000000)
  eden space 20480K, 100% used [0x00000000d5580000,0x00000000d6980000,0x00000000d6980000)
  from space 1536K, 98% used [0x00000000d7080000,0x00000000d71f87b0,0x00000000d7200000)
  to   space 3584K, 0% used [0x00000000d6b00000,0x00000000d6b00000,0x00000000d6e80000)
 ParOldGen       total 124416K, used 124252K [0x0000000080000000, 0x0000000087980000, 0x00000000d5580000)
  object space 124416K, 99% used [0x0000000080000000,0x0000000087957258,0x0000000087980000)
 Metaspace       used 69848K, committed 71296K, reserved 1114112K
  class space    used 7465K, committed 8064K, reserved 1048576K
}
Event: 939.406 GC heap after
{Heap after GC invocations=48 (full 3):
 PSYoungGen      total 23552K, used 2953K [0x00000000d5580000, 0x00000000d7100000, 0x0000000100000000)
  eden space 20480K, 0% used [0x00000000d5580000,0x00000000d5580000,0x00000000d6980000)
  from space 3072K, 96% used [0x00000000d6b00000,0x00000000d6de2440,0x00000000d6e00000)
  to   space 3072K, 0% used [0x00000000d6e00000,0x00000000d6e00000,0x00000000d7100000)
 ParOldGen       total 125440K, used 125081K [0x0000000080000000, 0x0000000087a80000, 0x00000000d5580000)
  object space 125440K, 99% used [0x0000000080000000,0x0000000087a266b8,0x0000000087a80000)
 Metaspace       used 69848K, committed 71296K, reserved 1114112K
  class space    used 7465K, committed 8064K, reserved 1048576K
}
Event: 964.865 GC heap before
{Heap before GC invocations=49 (full 3):
 PSYoungGen      total 23552K, used 23433K [0x00000000d5580000, 0x00000000d7100000, 0x0000000100000000)
  eden space 20480K, 100% used [0x00000000d5580000,0x00000000d6980000,0x00000000d6980000)
  from space 3072K, 96% used [0x00000000d6b00000,0x00000000d6de2440,0x00000000d6e00000)
  to   space 3072K, 0% used [0x00000000d6e00000,0x00000000d6e00000,0x00000000d7100000)
 ParOldGen       total 125440K, used 125081K [0x0000000080000000, 0x0000000087a80000, 0x00000000d5580000)
  object space 125440K, 99% used [0x0000000080000000,0x0000000087a266b8,0x0000000087a80000)
 Metaspace       used 70375K, committed 71808K, reserved 1114112K
  class space    used 7494K, committed 8128K, reserved 1048576K
}
Event: 964.891 GC heap after
{Heap after GC invocations=49 (full 3):
 PSYoungGen      total 22016K, used 1304K [0x00000000d5580000, 0x00000000d6f80000, 0x0000000100000000)
  eden space 20480K, 0% used [0x00000000d5580000,0x00000000d5580000,0x00000000d6980000)
  from space 1536K, 84% used [0x00000000d6e00000,0x00000000d6f463f0,0x00000000d6f80000)
  to   space 2048K, 0% used [0x00000000d6b80000,0x00000000d6b80000,0x00000000d6d80000)
 ParOldGen       total 126464K, used 126101K [0x0000000080000000, 0x0000000087b80000, 0x00000000d5580000)
  object space 126464K, 99% used [0x0000000080000000,0x0000000087b25738,0x0000000087b80000)
 Metaspace       used 70375K, committed 71808K, reserved 1114112K
  class space    used 7494K, committed 8128K, reserved 1048576K
}
Event: 1419.769 GC heap before
{Heap before GC invocations=50 (full 3):
 PSYoungGen      total 22016K, used 21740K [0x00000000d5580000, 0x00000000d6f80000, 0x0000000100000000)
  eden space 20480K, 99% used [0x00000000d5580000,0x00000000d6974fa0,0x00000000d6980000)
  from space 1536K, 84% used [0x00000000d6e00000,0x00000000d6f463f0,0x00000000d6f80000)
  to   space 2048K, 0% used [0x00000000d6b80000,0x00000000d6b80000,0x00000000d6d80000)
 ParOldGen       total 126464K, used 126101K [0x0000000080000000, 0x0000000087b80000, 0x00000000d5580000)
  object space 126464K, 99% used [0x0000000080000000,0x0000000087b25738,0x0000000087b80000)
 Metaspace       used 70809K, committed 72256K, reserved 1114112K
  class space    used 7551K, committed 8192K, reserved 1048576K
}
Event: 1419.825 GC heap after
{Heap after GC invocations=50 (full 3):
 PSYoungGen      total 22528K, used 608K [0x00000000d5580000, 0x00000000d6e80000, 0x0000000100000000)
  eden space 20480K, 0% used [0x00000000d5580000,0x00000000d5580000,0x00000000d6980000)
  from space 2048K, 29% used [0x00000000d6b80000,0x00000000d6c18020,0x00000000d6d80000)
  to   space 1024K, 0% used [0x00000000d6d80000,0x00000000d6d80000,0x00000000d6e80000)
 ParOldGen       total 126976K, used 126826K [0x0000000080000000, 0x0000000087c00000, 0x00000000d5580000)
  object space 126976K, 99% used [0x0000000080000000,0x0000000087bdabe8,0x0000000087c00000)
 Metaspace       used 70809K, committed 72256K, reserved 1114112K
  class space    used 7551K, committed 8192K, reserved 1048576K
}
Event: 1425.157 GC heap before
{Heap before GC invocations=51 (full 3):
 PSYoungGen      total 22528K, used 21088K [0x00000000d5580000, 0x00000000d6e80000, 0x0000000100000000)
  eden space 20480K, 100% used [0x00000000d5580000,0x00000000d6980000,0x00000000d6980000)
  from space 2048K, 29% used [0x00000000d6b80000,0x00000000d6c18020,0x00000000d6d80000)
  to   space 1024K, 0% used [0x00000000d6d80000,0x00000000d6d80000,0x00000000d6e80000)
 ParOldGen       total 126976K, used 126826K [0x0000000080000000, 0x0000000087c00000, 0x00000000d5580000)
  object space 126976K, 99% used [0x0000000080000000,0x0000000087bdabe8,0x0000000087c00000)
 Metaspace       used 70925K, committed 72384K, reserved 1114112K
  class space    used 7553K, committed 8192K, reserved 1048576K
}
Event: 1425.165 GC heap after
{Heap after GC invocations=51 (full 3):
 PSYoungGen      total 16896K, used 1021K [0x00000000d5580000, 0x00000000d7a80000, 0x0000000100000000)
  eden space 15872K, 0% used [0x00000000d5580000,0x00000000d5580000,0x00000000d6500000)
  from space 1024K, 99% used [0x00000000d6d80000,0x00000000d6e7f560,0x00000000d6e80000)
  to   space 8704K, 0% used [0x00000000d6500000,0x00000000d6500000,0x00000000d6d80000)
 ParOldGen       total 133120K, used 133109K [0x0000000080000000, 0x0000000088200000, 0x00000000d5580000)
  object space 133120K, 99% used [0x0000000080000000,0x00000000881fd5e8,0x0000000088200000)
 Metaspace       used 70925K, committed 72384K, reserved 1114112K
  class space    used 7553K, committed 8192K, reserved 1048576K
}
Event: 1479.548 GC heap before
{Heap before GC invocations=52 (full 3):
 PSYoungGen      total 16896K, used 16893K [0x00000000d5580000, 0x00000000d7a80000, 0x0000000100000000)
  eden space 15872K, 100% used [0x00000000d5580000,0x00000000d6500000,0x00000000d6500000)
  from space 1024K, 99% used [0x00000000d6d80000,0x00000000d6e7f560,0x00000000d6e80000)
  to   space 8704K, 0% used [0x00000000d6500000,0x00000000d6500000,0x00000000d6d80000)
 ParOldGen       total 133120K, used 133109K [0x0000000080000000, 0x0000000088200000, 0x00000000d5580000)
  object space 133120K, 99% used [0x0000000080000000,0x00000000881fd5e8,0x0000000088200000)
 Metaspace       used 71165K, committed 72640K, reserved 1114112K
  class space    used 7562K, committed 8192K, reserved 1048576K
}
Event: 1479.574 GC heap after
{Heap after GC invocations=52 (full 3):
 PSYoungGen      total 17920K, used 1837K [0x00000000d5580000, 0x00000000d6e00000, 0x0000000100000000)
  eden space 15872K, 0% used [0x00000000d5580000,0x00000000d5580000,0x00000000d6500000)
  from space 2048K, 89% used [0x00000000d6500000,0x00000000d66cb590,0x00000000d6700000)
  to   space 4096K, 0% used [0x00000000d6a00000,0x00000000d6a00000,0x00000000d6e00000)
 ParOldGen       total 133632K, used 133594K [0x0000000080000000, 0x0000000088280000, 0x00000000d5580000)
  object space 133632K, 99% used [0x0000000080000000,0x0000000088276a98,0x0000000088280000)
 Metaspace       used 71165K, committed 72640K, reserved 1114112K
  class space    used 7562K, committed 8192K, reserved 1048576K
}

