# JRE version: OpenJDK Runtime Environment Temurin-21.0.11+10 (21.0.11+10) (build 21.0.11+10-LTS)
# Java VM: OpenJDK 64-Bit Server VM Temurin-21.0.11+10 (21.0.11+10-LTS, mixed mode, sharing, tiered, compressed oops, compressed class ptrs, parallel gc, windows-amd64)
GC Precious Log:
 CardTable entry size: 512
 CPUs: 12 total, 12 available
 Memory: 16068M
 Large Page Support: Disabled
 NUMA Support: Disabled
 Compressed Oops: Enabled (32-bit)
 Alignments: Space 512K, Generation 512K, Heap 2M
 Heap Min Capacity: 100M
 Heap Initial Capacity: 100M
 Heap Max Capacity: 2G
 Pre-touch: Disabled
 Parallel Workers: 10
Heap:
 PSYoungGen      total 19968K, used 10180K [0x00000000d5580000, 0x00000000d6a80000, 0x0000000100000000)
  eden space 18432K, 55% used [0x00000000d5580000,0x00000000d5f71090,0x00000000d6780000)
  from space 1536K, 0% used [0x00000000d6800000,0x00000000d6800000,0x00000000d6980000)
  to   space 512K, 0% used [0x00000000d6a00000,0x00000000d6a00000,0x00000000d6a80000)
 ParOldGen       total 68608K, used 40820K [0x0000000080000000, 0x0000000084300000, 0x00000000d5580000)
  object space 68608K, 59% used [0x0000000080000000,0x00000000827dd378,0x0000000084300000)
 Metaspace       used 60247K, committed 61632K, reserved 1114112K
  class space    used 6606K, committed 7232K, reserved 1048576K
GC Heap History (20 events):
Event: 46.355 GC heap before
{Heap before GC invocations=27 (full 2):
 PSYoungGen      total 20480K, used 20448K [0x00000000d5580000, 0x00000000d7180000, 0x0000000100000000)
  eden space 18432K, 100% used [0x00000000d5580000,0x00000000d6780000,0x00000000d6780000)
  from space 2048K, 98% used [0x00000000d6b80000,0x00000000d6d78010,0x00000000d6d80000)
  to   space 4096K, 0% used [0x00000000d6780000,0x00000000d6780000,0x00000000d6b80000)
 ParOldGen       total 68608K, used 29913K [0x0000000080000000, 0x0000000084300000, 0x00000000d5580000)
  object space 68608K, 43% used [0x0000000080000000,0x0000000081d365c0,0x0000000084300000)
 Metaspace       used 55363K, committed 56640K, reserved 1114112K
  class space    used 6178K, committed 6720K, reserved 1048576K
}
Event: 46.357 GC heap after
{Heap after GC invocations=27 (full 2):
 PSYoungGen      total 20992K, used 2257K [0x00000000d5580000, 0x00000000d6d80000, 0x0000000100000000)
  eden space 18432K, 0% used [0x00000000d5580000,0x00000000d5580000,0x00000000d6780000)
  from space 2560K, 88% used [0x00000000d6780000,0x00000000d69b4440,0x00000000d6a00000)
  to   space 3072K, 0% used [0x00000000d6a80000,0x00000000d6a80000,0x00000000d6d80000)
 ParOldGen       total 68608K, used 31793K [0x0000000080000000, 0x0000000084300000, 0x00000000d5580000)
  object space 68608K, 46% used [0x0000000080000000,0x0000000081f0c5c0,0x0000000084300000)
 Metaspace       used 55363K, committed 56640K, reserved 1114112K
  class space    used 6178K, committed 6720K, reserved 1048576K
}
Event: 46.403 GC heap before
{Heap before GC invocations=28 (full 2):
 PSYoungGen      total 20992K, used 20689K [0x00000000d5580000, 0x00000000d6d80000, 0x0000000100000000)
  eden space 18432K, 100% used [0x00000000d5580000,0x00000000d6780000,0x00000000d6780000)
  from space 2560K, 88% used [0x00000000d6780000,0x00000000d69b4440,0x00000000d6a00000)
  to   space 3072K, 0% used [0x00000000d6a80000,0x00000000d6a80000,0x00000000d6d80000)
 ParOldGen       total 68608K, used 31793K [0x0000000080000000, 0x0000000084300000, 0x00000000d5580000)
  object space 68608K, 46% used [0x0000000080000000,0x0000000081f0c5c0,0x0000000084300000)
 Metaspace       used 55409K, committed 56640K, reserved 1114112K
  class space    used 6184K, committed 6720K, reserved 1048576K
}
Event: 46.405 GC heap after
{Heap after GC invocations=28 (full 2):
 PSYoungGen      total 20992K, used 2210K [0x00000000d5580000, 0x00000000d6d00000, 0x0000000100000000)
  eden space 18432K, 0% used [0x00000000d5580000,0x00000000d5580000,0x00000000d6780000)
  from space 2560K, 86% used [0x00000000d6a80000,0x00000000d6ca8800,0x00000000d6d00000)
  to   space 2560K, 0% used [0x00000000d6780000,0x00000000d6780000,0x00000000d6a00000)
 ParOldGen       total 68608K, used 33823K [0x0000000080000000, 0x0000000084300000, 0x00000000d5580000)
  object space 68608K, 49% used [0x0000000080000000,0x0000000082107fa0,0x0000000084300000)
 Metaspace       used 55409K, committed 56640K, reserved 1114112K
  class space    used 6184K, committed 6720K, reserved 1048576K
}
Event: 46.446 GC heap before
{Heap before GC invocations=29 (full 2):
 PSYoungGen      total 20992K, used 20642K [0x00000000d5580000, 0x00000000d6d00000, 0x0000000100000000)
  eden space 18432K, 100% used [0x00000000d5580000,0x00000000d6780000,0x00000000d6780000)
  from space 2560K, 86% used [0x00000000d6a80000,0x00000000d6ca8800,0x00000000d6d00000)
  to   space 2560K, 0% used [0x00000000d6780000,0x00000000d6780000,0x00000000d6a00000)
 ParOldGen       total 68608K, used 33823K [0x0000000080000000, 0x0000000084300000, 0x00000000d5580000)
  object space 68608K, 49% used [0x0000000080000000,0x0000000082107fa0,0x0000000084300000)
 Metaspace       used 55515K, committed 56832K, reserved 1114112K
  class space    used 6190K, committed 6784K, reserved 1048576K
}
Event: 46.449 GC heap after
{Heap after GC invocations=29 (full 2):
 PSYoungGen      total 20992K, used 2116K [0x00000000d5580000, 0x00000000d6c80000, 0x0000000100000000)
  eden space 18432K, 0% used [0x00000000d5580000,0x00000000d5580000,0x00000000d6780000)
  from space 2560K, 82% used [0x00000000d6780000,0x00000000d6991000,0x00000000d6a00000)
  to   space 2560K, 0% used [0x00000000d6a00000,0x00000000d6a00000,0x00000000d6c80000)
 ParOldGen       total 68608K, used 35726K [0x0000000080000000, 0x0000000084300000, 0x00000000d5580000)
  object space 68608K, 52% used [0x0000000080000000,0x00000000822e3950,0x0000000084300000)
 Metaspace       used 55515K, committed 56832K, reserved 1114112K
  class space    used 6190K, committed 6784K, reserved 1048576K
}
Event: 46.504 GC heap before
{Heap before GC invocations=30 (full 2):
 PSYoungGen      total 20992K, used 20548K [0x00000000d5580000, 0x00000000d6c80000, 0x0000000100000000)
  eden space 18432K, 100% used [0x00000000d5580000,0x00000000d6780000,0x00000000d6780000)
  from space 2560K, 82% used [0x00000000d6780000,0x00000000d6991000,0x00000000d6a00000)
  to   space 2560K, 0% used [0x00000000d6a00000,0x00000000d6a00000,0x00000000d6c80000)
 ParOldGen       total 68608K, used 35726K [0x0000000080000000, 0x0000000084300000, 0x00000000d5580000)
  object space 68608K, 52% used [0x0000000080000000,0x00000000822e3950,0x0000000084300000)
 Metaspace       used 55622K, committed 56960K, reserved 1114112K
  class space    used 6194K, committed 6848K, reserved 1048576K
}
Event: 46.506 GC heap after
{Heap after GC invocations=30 (full 2):
 PSYoungGen      total 20992K, used 2080K [0x00000000d5580000, 0x00000000d6c80000, 0x0000000100000000)
  eden space 18432K, 0% used [0x00000000d5580000,0x00000000d5580000,0x00000000d6780000)
  from space 2560K, 81% used [0x00000000d6a00000,0x00000000d6c08010,0x00000000d6c80000)
  to   space 2560K, 0% used [0x00000000d6780000,0x00000000d6780000,0x00000000d6a00000)
 ParOldGen       total 68608K, used 37651K [0x0000000080000000, 0x0000000084300000, 0x00000000d5580000)
  object space 68608K, 54% used [0x0000000080000000,0x00000000824c4f78,0x0000000084300000)
 Metaspace       used 55622K, committed 56960K, reserved 1114112K
  class space    used 6194K, committed 6848K, reserved 1048576K
}
Event: 46.564 GC heap before
{Heap before GC invocations=31 (full 2):
 PSYoungGen      total 20992K, used 20512K [0x00000000d5580000, 0x00000000d6c80000, 0x0000000100000000)
  eden space 18432K, 100% used [0x00000000d5580000,0x00000000d6780000,0x00000000d6780000)
  from space 2560K, 81% used [0x00000000d6a00000,0x00000000d6c08010,0x00000000d6c80000)
  to   space 2560K, 0% used [0x00000000d6780000,0x00000000d6780000,0x00000000d6a00000)
 ParOldGen       total 68608K, used 37651K [0x0000000080000000, 0x0000000084300000, 0x00000000d5580000)
  object space 68608K, 54% used [0x0000000080000000,0x00000000824c4f78,0x0000000084300000)
 Metaspace       used 55848K, committed 57216K, reserved 1114112K
  class space    used 6204K, committed 6848K, reserved 1048576K
}
Event: 46.567 GC heap after
{Heap after GC invocations=31 (full 2):
 PSYoungGen      total 20480K, used 1728K [0x00000000d5580000, 0x00000000d6b80000, 0x0000000100000000)
  eden space 18432K, 0% used [0x00000000d5580000,0x00000000d5580000,0x00000000d6780000)
  from space 2048K, 84% used [0x00000000d6780000,0x00000000d6930000,0x00000000d6980000)
  to   space 2048K, 0% used [0x00000000d6980000,0x00000000d6980000,0x00000000d6b80000)
 ParOldGen       total 68608K, used 39643K [0x0000000080000000, 0x0000000084300000, 0x00000000d5580000)
  object space 68608K, 57% used [0x0000000080000000,0x00000000826b6f88,0x0000000084300000)
 Metaspace       used 55848K, committed 57216K, reserved 1114112K
  class space    used 6204K, committed 6848K, reserved 1048576K
}
Event: 46.683 GC heap before
{Heap before GC invocations=32 (full 2):
 PSYoungGen      total 20480K, used 20160K [0x00000000d5580000, 0x00000000d6b80000, 0x0000000100000000)
  eden space 18432K, 100% used [0x00000000d5580000,0x00000000d6780000,0x00000000d6780000)
  from space 2048K, 84% used [0x00000000d6780000,0x00000000d6930000,0x00000000d6980000)
  to   space 2048K, 0% used [0x00000000d6980000,0x00000000d6980000,0x00000000d6b80000)
 ParOldGen       total 68608K, used 39643K [0x0000000080000000, 0x0000000084300000, 0x00000000d5580000)
  object space 68608K, 57% used [0x0000000080000000,0x00000000826b6f88,0x0000000084300000)
 Metaspace       used 56452K, committed 57856K, reserved 1114112K
  class space    used 6268K, committed 6912K, reserved 1048576K
}
Event: 46.687 GC heap after
{Heap after GC invocations=32 (full 2):
 PSYoungGen      total 20480K, used 1568K [0x00000000d5580000, 0x00000000d6b80000, 0x0000000100000000)
  eden space 18432K, 0% used [0x00000000d5580000,0x00000000d5580000,0x00000000d6780000)
  from space 2048K, 76% used [0x00000000d6980000,0x00000000d6b08010,0x00000000d6b80000)
  to   space 2048K, 0% used [0x00000000d6780000,0x00000000d6780000,0x00000000d6980000)
 ParOldGen       total 68608K, used 41252K [0x0000000080000000, 0x0000000084300000, 0x00000000d5580000)
  object space 68608K, 60% used [0x0000000080000000,0x0000000082849188,0x0000000084300000)
 Metaspace       used 56452K, committed 57856K, reserved 1114112K
  class space    used 6268K, committed 6912K, reserved 1048576K
}
Event: 46.934 GC heap before
{Heap before GC invocations=33 (full 2):
 PSYoungGen      total 20480K, used 19956K [0x00000000d5580000, 0x00000000d6b80000, 0x0000000100000000)
  eden space 18432K, 99% used [0x00000000d5580000,0x00000000d67750e0,0x00000000d6780000)
  from space 2048K, 76% used [0x00000000d6980000,0x00000000d6b08010,0x00000000d6b80000)
  to   space 2048K, 0% used [0x00000000d6780000,0x00000000d6780000,0x00000000d6980000)
 ParOldGen       total 68608K, used 41252K [0x0000000080000000, 0x0000000084300000, 0x00000000d5580000)
  object space 68608K, 60% used [0x0000000080000000,0x0000000082849188,0x0000000084300000)
 Metaspace       used 57817K, committed 59200K, reserved 1114112K
  class space    used 6393K, committed 7040K, reserved 1048576K
}
Event: 46.936 GC heap after
{Heap after GC invocations=33 (full 2):
 PSYoungGen      total 20480K, used 2032K [0x00000000d5580000, 0x00000000d6c80000, 0x0000000100000000)
  eden space 18432K, 0% used [0x00000000d5580000,0x00000000d5580000,0x00000000d6780000)
  from space 2048K, 99% used [0x00000000d6780000,0x00000000d697c3f8,0x00000000d6980000)
  to   space 2560K, 0% used [0x00000000d6a00000,0x00000000d6a00000,0x00000000d6c80000)
 ParOldGen       total 68608K, used 42601K [0x0000000080000000, 0x0000000084300000, 0x00000000d5580000)
  object space 68608K, 62% used [0x0000000080000000,0x000000008299a420,0x0000000084300000)
 Metaspace       used 57817K, committed 59200K, reserved 1114112K
  class space    used 6393K, committed 7040K, reserved 1048576K
}
Event: 47.013 GC heap before
{Heap before GC invocations=34 (full 2):
 PSYoungGen      total 20480K, used 20464K [0x00000000d5580000, 0x00000000d6c80000, 0x0000000100000000)
  eden space 18432K, 100% used [0x00000000d5580000,0x00000000d6780000,0x00000000d6780000)
  from space 2048K, 99% used [0x00000000d6780000,0x00000000d697c3f8,0x00000000d6980000)
  to   space 2560K, 0% used [0x00000000d6a00000,0x00000000d6a00000,0x00000000d6c80000)
 ParOldGen       total 68608K, used 42601K [0x0000000080000000, 0x0000000084300000, 0x00000000d5580000)
  object space 68608K, 62% used [0x0000000080000000,0x000000008299a420,0x0000000084300000)
 Metaspace       used 57841K, committed 59264K, reserved 1114112K
  class space    used 6393K, committed 7040K, reserved 1048576K
}
Event: 47.015 GC heap after
{Heap after GC invocations=34 (full 2):
 PSYoungGen      total 19456K, used 630K [0x00000000d5580000, 0x00000000d6b00000, 0x0000000100000000)
  eden space 18432K, 0% used [0x00000000d5580000,0x00000000d5580000,0x00000000d6780000)
  from space 1024K, 61% used [0x00000000d6a00000,0x00000000d6a9d9c0,0x00000000d6b00000)
  to   space 1536K, 0% used [0x00000000d6800000,0x00000000d6800000,0x00000000d6980000)
 ParOldGen       total 68608K, used 43461K [0x0000000080000000, 0x0000000084300000, 0x00000000d5580000)
  object space 68608K, 63% used [0x0000000080000000,0x0000000082a715a8,0x0000000084300000)
 Metaspace       used 57841K, committed 59264K, reserved 1114112K
  class space    used 6393K, committed 7040K, reserved 1048576K
}
Event: 47.086 GC heap before
{Heap before GC invocations=35 (full 2):
 PSYoungGen      total 19456K, used 17467K [0x00000000d5580000, 0x00000000d6b00000, 0x0000000100000000)
  eden space 18432K, 91% used [0x00000000d5580000,0x00000000d65f12b8,0x00000000d6780000)
  from space 1024K, 61% used [0x00000000d6a00000,0x00000000d6a9d9c0,0x00000000d6b00000)
  to   space 1536K, 0% used [0x00000000d6800000,0x00000000d6800000,0x00000000d6980000)
 ParOldGen       total 68608K, used 43461K [0x0000000080000000, 0x0000000084300000, 0x00000000d5580000)
  object space 68608K, 63% used [0x0000000080000000,0x0000000082a715a8,0x0000000084300000)
 Metaspace       used 58456K, committed 59776K, reserved 1114112K
  class space    used 6437K, committed 7040K, reserved 1048576K
}
Event: 47.087 GC heap after
{Heap after GC invocations=35 (full 2):
 PSYoungGen      total 19968K, used 288K [0x00000000d5580000, 0x00000000d6a80000, 0x0000000100000000)
  eden space 18432K, 0% used [0x00000000d5580000,0x00000000d5580000,0x00000000d6780000)
  from space 1536K, 18% used [0x00000000d6800000,0x00000000d6848000,0x00000000d6980000)
  to   space 512K, 0% used [0x00000000d6a00000,0x00000000d6a00000,0x00000000d6a80000)
 ParOldGen       total 68608K, used 43485K [0x0000000080000000, 0x0000000084300000, 0x00000000d5580000)
  object space 68608K, 63% used [0x0000000080000000,0x0000000082a775a8,0x0000000084300000)
 Metaspace       used 58456K, committed 59776K, reserved 1114112K
  class space    used 6437K, committed 7040K, reserved 1048576K
}
Event: 47.087 GC heap before
{Heap before GC invocations=36 (full 3):
 PSYoungGen      total 19968K, used 288K [0x00000000d5580000, 0x00000000d6a80000, 0x0000000100000000)
  eden space 18432K, 0% used [0x00000000d5580000,0x00000000d5580000,0x00000000d6780000)
  from space 1536K, 18% used [0x00000000d6800000,0x00000000d6848000,0x00000000d6980000)
  to   space 512K, 0% used [0x00000000d6a00000,0x00000000d6a00000,0x00000000d6a80000)
 ParOldGen       total 68608K, used 43485K [0x0000000080000000, 0x0000000084300000, 0x00000000d5580000)
  object space 68608K, 63% used [0x0000000080000000,0x0000000082a775a8,0x0000000084300000)
 Metaspace       used 58456K, committed 59776K, reserved 1114112K
  class space    used 6437K, committed 7040K, reserved 1048576K
}
Event: 47.149 GC heap after
{Heap after GC invocations=36 (full 3):
 PSYoungGen      total 19968K, used 0K [0x00000000d5580000, 0x00000000d6a80000, 0x0000000100000000)
  eden space 18432K, 0% used [0x00000000d5580000,0x00000000d5580000,0x00000000d6780000)
  from space 1536K, 0% used [0x00000000d6800000,0x00000000d6800000,0x00000000d6980000)
  to   space 512K, 0% used [0x00000000d6a00000,0x00000000d6a00000,0x00000000d6a80000)
 ParOldGen       total 68608K, used 40820K [0x0000000080000000, 0x0000000084300000, 0x00000000d5580000)
  object space 68608K, 59% used [0x0000000080000000,0x00000000827dd378,0x0000000084300000)
 Metaspace       used 58444K, committed 59776K, reserved 1114112K
  class space    used 6434K, committed 7040K, reserved 1048576K
}

