# JRE version: OpenJDK Runtime Environment Temurin-21.0.10+7 (21.0.10+7) (build 21.0.10+7-LTS)
# Java VM: OpenJDK 64-Bit Server VM Temurin-21.0.10+7 (21.0.10+7-LTS, mixed mode, sharing, tiered, compressed oops, compressed class ptrs, parallel gc, windows-amd64)
GC Precious Log:
 CardTable entry size: 512
 CPUs: 12 total, 12 available
 Memory: 7876M
 Large Page Support: Disabled
 NUMA Support: Disabled
 Compressed Oops: Enabled (32-bit)
 Alignments: Space 512K, Generation 512K, Heap 2M
 Heap Min Capacity: 100M
 Heap Initial Capacity: 100M
 Heap Max Capacity: 2G
 Pre-touch: Disabled
 Parallel Workers: 10
Heap:
 PSYoungGen      total 11776K, used 1884K [0x00000000d5580000, 0x00000000d6580000, 0x0000000100000000)
  eden space 11264K, 12% used [0x00000000d5580000,0x00000000d56d9468,0x00000000d6080000)
  from space 512K, 98% used [0x00000000d6400000,0x00000000d647e870,0x00000000d6480000)
  to   space 1024K, 0% used [0x00000000d6480000,0x00000000d6480000,0x00000000d6580000)
 ParOldGen       total 68608K, used 59154K [0x0000000080000000, 0x0000000084300000, 0x00000000d5580000)
  object space 68608K, 86% used [0x0000000080000000,0x00000000839c4a40,0x0000000084300000)
 Metaspace       used 64797K, committed 66176K, reserved 1114112K
  class space    used 6867K, committed 7488K, reserved 1048576K
GC Heap History (20 events):
Event: 10.087 GC heap before
{Heap before GC invocations=36 (full 3):
 PSYoungGen      total 18944K, used 1518K [0x00000000d5580000, 0x00000000d6c80000, 0x0000000100000000)
  eden space 17408K, 0% used [0x00000000d5580000,0x00000000d5580000,0x00000000d6680000)
  from space 1536K, 98% used [0x00000000d6900000,0x00000000d6a7ba38,0x00000000d6a80000)
  to   space 2048K, 0% used [0x00000000d6a80000,0x00000000d6a80000,0x00000000d6c80000)
 ParOldGen       total 68608K, used 43401K [0x0000000080000000, 0x0000000084300000, 0x00000000d5580000)
  object space 68608K, 63% used [0x0000000080000000,0x0000000082a62770,0x0000000084300000)
 Metaspace       used 58580K, committed 59776K, reserved 1114112K
  class space    used 6298K, committed 6848K, reserved 1048576K
}
Event: 10.160 GC heap after
{Heap after GC invocations=36 (full 3):
 PSYoungGen      total 18944K, used 0K [0x00000000d5580000, 0x00000000d6c80000, 0x0000000100000000)
  eden space 17408K, 0% used [0x00000000d5580000,0x00000000d5580000,0x00000000d6680000)
  from space 1536K, 0% used [0x00000000d6900000,0x00000000d6900000,0x00000000d6a80000)
  to   space 2048K, 0% used [0x00000000d6a80000,0x00000000d6a80000,0x00000000d6c80000)
 ParOldGen       total 68608K, used 41196K [0x0000000080000000, 0x0000000084300000, 0x00000000d5580000)
  object space 68608K, 60% used [0x0000000080000000,0x000000008283b308,0x0000000084300000)
 Metaspace       used 58580K, committed 59776K, reserved 1114112K
  class space    used 6298K, committed 6848K, reserved 1048576K
}
Event: 10.481 GC heap before
{Heap before GC invocations=37 (full 3):
 PSYoungGen      total 18944K, used 17408K [0x00000000d5580000, 0x00000000d6c80000, 0x0000000100000000)
  eden space 17408K, 100% used [0x00000000d5580000,0x00000000d6680000,0x00000000d6680000)
  from space 1536K, 0% used [0x00000000d6900000,0x00000000d6900000,0x00000000d6a80000)
  to   space 2048K, 0% used [0x00000000d6a80000,0x00000000d6a80000,0x00000000d6c80000)
 ParOldGen       total 68608K, used 41196K [0x0000000080000000, 0x0000000084300000, 0x00000000d5580000)
  object space 68608K, 60% used [0x0000000080000000,0x000000008283b308,0x0000000084300000)
 Metaspace       used 59754K, committed 61056K, reserved 1114112K
  class space    used 6419K, committed 6976K, reserved 1048576K
}
Event: 10.484 GC heap after
{Heap after GC invocations=37 (full 3):
 PSYoungGen      total 19456K, used 2021K [0x00000000d5580000, 0x00000000d6c80000, 0x0000000100000000)
  eden space 17408K, 0% used [0x00000000d5580000,0x00000000d5580000,0x00000000d6680000)
  from space 2048K, 98% used [0x00000000d6a80000,0x00000000d6c79528,0x00000000d6c80000)
  to   space 2560K, 0% used [0x00000000d6780000,0x00000000d6780000,0x00000000d6a00000)
 ParOldGen       total 68608K, used 41425K [0x0000000080000000, 0x0000000084300000, 0x00000000d5580000)
  object space 68608K, 60% used [0x0000000080000000,0x0000000082874450,0x0000000084300000)
 Metaspace       used 59754K, committed 61056K, reserved 1114112K
  class space    used 6419K, committed 6976K, reserved 1048576K
}
Event: 10.668 GC heap before
{Heap before GC invocations=38 (full 3):
 PSYoungGen      total 19456K, used 19429K [0x00000000d5580000, 0x00000000d6c80000, 0x0000000100000000)
  eden space 17408K, 100% used [0x00000000d5580000,0x00000000d6680000,0x00000000d6680000)
  from space 2048K, 98% used [0x00000000d6a80000,0x00000000d6c79528,0x00000000d6c80000)
  to   space 2560K, 0% used [0x00000000d6780000,0x00000000d6780000,0x00000000d6a00000)
 ParOldGen       total 68608K, used 41425K [0x0000000080000000, 0x0000000084300000, 0x00000000d5580000)
  object space 68608K, 60% used [0x0000000080000000,0x0000000082874450,0x0000000084300000)
 Metaspace       used 61110K, committed 62400K, reserved 1114112K
  class space    used 6534K, committed 7104K, reserved 1048576K
}
Event: 10.671 GC heap after
{Heap after GC invocations=38 (full 3):
 PSYoungGen      total 19968K, used 2537K [0x00000000d5580000, 0x00000000d7080000, 0x0000000100000000)
  eden space 17408K, 0% used [0x00000000d5580000,0x00000000d5580000,0x00000000d6680000)
  from space 2560K, 99% used [0x00000000d6780000,0x00000000d69fa4c0,0x00000000d6a00000)
  to   space 5120K, 0% used [0x00000000d6b80000,0x00000000d6b80000,0x00000000d7080000)
 ParOldGen       total 68608K, used 43358K [0x0000000080000000, 0x0000000084300000, 0x00000000d5580000)
  object space 68608K, 63% used [0x0000000080000000,0x0000000082a578a8,0x0000000084300000)
 Metaspace       used 61110K, committed 62400K, reserved 1114112K
  class space    used 6534K, committed 7104K, reserved 1048576K
}
Event: 10.874 GC heap before
{Heap before GC invocations=39 (full 3):
 PSYoungGen      total 19968K, used 19945K [0x00000000d5580000, 0x00000000d7080000, 0x0000000100000000)
  eden space 17408K, 99% used [0x00000000d5580000,0x00000000d667fff0,0x00000000d6680000)
  from space 2560K, 99% used [0x00000000d6780000,0x00000000d69fa4c0,0x00000000d6a00000)
  to   space 5120K, 0% used [0x00000000d6b80000,0x00000000d6b80000,0x00000000d7080000)
 ParOldGen       total 68608K, used 43358K [0x0000000080000000, 0x0000000084300000, 0x00000000d5580000)
  object space 68608K, 63% used [0x0000000080000000,0x0000000082a578a8,0x0000000084300000)
 Metaspace       used 62128K, committed 63360K, reserved 1114112K
  class space    used 6616K, committed 7168K, reserved 1048576K
}
Event: 10.877 GC heap after
{Heap after GC invocations=39 (full 3):
 PSYoungGen      total 20992K, used 3253K [0x00000000d5580000, 0x00000000d6f00000, 0x0000000100000000)
  eden space 17408K, 0% used [0x00000000d5580000,0x00000000d5580000,0x00000000d6680000)
  from space 3584K, 90% used [0x00000000d6b80000,0x00000000d6ead698,0x00000000d6f00000)
  to   space 4096K, 0% used [0x00000000d6700000,0x00000000d6700000,0x00000000d6b00000)
 ParOldGen       total 68608K, used 45538K [0x0000000080000000, 0x0000000084300000, 0x00000000d5580000)
  object space 68608K, 66% used [0x0000000080000000,0x0000000082c78aa8,0x0000000084300000)
 Metaspace       used 62128K, committed 63360K, reserved 1114112K
  class space    used 6616K, committed 7168K, reserved 1048576K
}
Event: 10.985 GC heap before
{Heap before GC invocations=40 (full 3):
 PSYoungGen      total 20992K, used 20661K [0x00000000d5580000, 0x00000000d6f00000, 0x0000000100000000)
  eden space 17408K, 100% used [0x00000000d5580000,0x00000000d6680000,0x00000000d6680000)
  from space 3584K, 90% used [0x00000000d6b80000,0x00000000d6ead698,0x00000000d6f00000)
  to   space 4096K, 0% used [0x00000000d6700000,0x00000000d6700000,0x00000000d6b00000)
 ParOldGen       total 68608K, used 45538K [0x0000000080000000, 0x0000000084300000, 0x00000000d5580000)
  object space 68608K, 66% used [0x0000000080000000,0x0000000082c78aa8,0x0000000084300000)
 Metaspace       used 62709K, committed 64000K, reserved 1114112K
  class space    used 6670K, committed 7232K, reserved 1048576K
}
Event: 10.990 GC heap after
{Heap after GC invocations=40 (full 3):
 PSYoungGen      total 20480K, used 2592K [0x00000000d5580000, 0x00000000d6c80000, 0x0000000100000000)
  eden space 17408K, 0% used [0x00000000d5580000,0x00000000d5580000,0x00000000d6680000)
  from space 3072K, 84% used [0x00000000d6700000,0x00000000d6988000,0x00000000d6a00000)
  to   space 2560K, 0% used [0x00000000d6a00000,0x00000000d6a00000,0x00000000d6c80000)
 ParOldGen       total 68608K, used 48634K [0x0000000080000000, 0x0000000084300000, 0x00000000d5580000)
  object space 68608K, 70% used [0x0000000080000000,0x0000000082f7eaa0,0x0000000084300000)
 Metaspace       used 62709K, committed 64000K, reserved 1114112K
  class space    used 6670K, committed 7232K, reserved 1048576K
}
Event: 11.158 GC heap before
{Heap before GC invocations=41 (full 3):
 PSYoungGen      total 20480K, used 19999K [0x00000000d5580000, 0x00000000d6c80000, 0x0000000100000000)
  eden space 17408K, 99% used [0x00000000d5580000,0x00000000d667ffd0,0x00000000d6680000)
  from space 3072K, 84% used [0x00000000d6700000,0x00000000d6988000,0x00000000d6a00000)
  to   space 2560K, 0% used [0x00000000d6a00000,0x00000000d6a00000,0x00000000d6c80000)
 ParOldGen       total 68608K, used 48634K [0x0000000080000000, 0x0000000084300000, 0x00000000d5580000)
  object space 68608K, 70% used [0x0000000080000000,0x0000000082f7eaa0,0x0000000084300000)
 Metaspace       used 63858K, committed 65216K, reserved 1114112K
  class space    used 6826K, committed 7424K, reserved 1048576K
}
Event: 11.166 GC heap after
{Heap after GC invocations=41 (full 3):
 PSYoungGen      total 13824K, used 2528K [0x00000000d5580000, 0x00000000d7980000, 0x0000000100000000)
  eden space 11264K, 0% used [0x00000000d5580000,0x00000000d5580000,0x00000000d6080000)
  from space 2560K, 98% used [0x00000000d6a00000,0x00000000d6c78020,0x00000000d6c80000)
  to   space 9728K, 0% used [0x00000000d6080000,0x00000000d6080000,0x00000000d6a00000)
 ParOldGen       total 68608K, used 54575K [0x0000000080000000, 0x0000000084300000, 0x00000000d5580000)
  object space 68608K, 79% used [0x0000000080000000,0x000000008354be30,0x0000000084300000)
 Metaspace       used 63858K, committed 65216K, reserved 1114112K
  class space    used 6826K, committed 7424K, reserved 1048576K
}
Event: 11.373 GC heap before
{Heap before GC invocations=42 (full 3):
 PSYoungGen      total 13824K, used 13792K [0x00000000d5580000, 0x00000000d7980000, 0x0000000100000000)
  eden space 11264K, 100% used [0x00000000d5580000,0x00000000d6080000,0x00000000d6080000)
  from space 2560K, 98% used [0x00000000d6a00000,0x00000000d6c78020,0x00000000d6c80000)
  to   space 9728K, 0% used [0x00000000d6080000,0x00000000d6080000,0x00000000d6a00000)
 ParOldGen       total 68608K, used 54575K [0x0000000080000000, 0x0000000084300000, 0x00000000d5580000)
  object space 68608K, 79% used [0x0000000080000000,0x000000008354be30,0x0000000084300000)
 Metaspace       used 64103K, committed 65472K, reserved 1114112K
  class space    used 6850K, committed 7488K, reserved 1048576K
}
Event: 11.377 GC heap after
{Heap after GC invocations=42 (full 3):
 PSYoungGen      total 14848K, used 3416K [0x00000000d5580000, 0x00000000d6b80000, 0x0000000100000000)
  eden space 11264K, 0% used [0x00000000d5580000,0x00000000d5580000,0x00000000d6080000)
  from space 3584K, 95% used [0x00000000d6080000,0x00000000d63d63d0,0x00000000d6400000)
  to   space 5632K, 0% used [0x00000000d6600000,0x00000000d6600000,0x00000000d6b80000)
 ParOldGen       total 68608K, used 55255K [0x0000000080000000, 0x0000000084300000, 0x00000000d5580000)
  object space 68608K, 80% used [0x0000000080000000,0x00000000835f5e70,0x0000000084300000)
 Metaspace       used 64103K, committed 65472K, reserved 1114112K
  class space    used 6850K, committed 7488K, reserved 1048576K
}
Event: 11.582 GC heap before
{Heap before GC invocations=43 (full 3):
 PSYoungGen      total 14848K, used 14680K [0x00000000d5580000, 0x00000000d6b80000, 0x0000000100000000)
  eden space 11264K, 100% used [0x00000000d5580000,0x00000000d6080000,0x00000000d6080000)
  from space 3584K, 95% used [0x00000000d6080000,0x00000000d63d63d0,0x00000000d6400000)
  to   space 5632K, 0% used [0x00000000d6600000,0x00000000d6600000,0x00000000d6b80000)
 ParOldGen       total 68608K, used 55255K [0x0000000080000000, 0x0000000084300000, 0x00000000d5580000)
  object space 68608K, 80% used [0x0000000080000000,0x00000000835f5e70,0x0000000084300000)
 Metaspace       used 64280K, committed 65664K, reserved 1114112K
  class space    used 6857K, committed 7488K, reserved 1048576K
}
Event: 11.587 GC heap after
{Heap after GC invocations=43 (full 3):
 PSYoungGen      total 11776K, used 480K [0x00000000d5580000, 0x00000000d6680000, 0x0000000100000000)
  eden space 11264K, 0% used [0x00000000d5580000,0x00000000d5580000,0x00000000d6080000)
  from space 512K, 93% used [0x00000000d6600000,0x00000000d6678000,0x00000000d6680000)
  to   space 2048K, 0% used [0x00000000d6280000,0x00000000d6280000,0x00000000d6480000)
 ParOldGen       total 68608K, used 58376K [0x0000000080000000, 0x0000000084300000, 0x00000000d5580000)
  object space 68608K, 85% used [0x0000000080000000,0x0000000083902240,0x0000000084300000)
 Metaspace       used 64280K, committed 65664K, reserved 1114112K
  class space    used 6857K, committed 7488K, reserved 1048576K
}
Event: 13.780 GC heap before
{Heap before GC invocations=44 (full 3):
 PSYoungGen      total 11776K, used 11744K [0x00000000d5580000, 0x00000000d6680000, 0x0000000100000000)
  eden space 11264K, 100% used [0x00000000d5580000,0x00000000d6080000,0x00000000d6080000)
  from space 512K, 93% used [0x00000000d6600000,0x00000000d6678000,0x00000000d6680000)
  to   space 2048K, 0% used [0x00000000d6280000,0x00000000d6280000,0x00000000d6480000)
 ParOldGen       total 68608K, used 58376K [0x0000000080000000, 0x0000000084300000, 0x00000000d5580000)
  object space 68608K, 85% used [0x0000000080000000,0x0000000083902240,0x0000000084300000)
 Metaspace       used 64472K, committed 65856K, reserved 1114112K
  class space    used 6860K, committed 7488K, reserved 1048576K
}
Event: 13.783 GC heap after
{Heap after GC invocations=44 (full 3):
 PSYoungGen      total 13312K, used 1280K [0x00000000d5580000, 0x00000000d6680000, 0x0000000100000000)
  eden space 11264K, 0% used [0x00000000d5580000,0x00000000d5580000,0x00000000d6080000)
  from space 2048K, 62% used [0x00000000d6280000,0x00000000d63c0000,0x00000000d6480000)
  to   space 1536K, 0% used [0x00000000d6500000,0x00000000d6500000,0x00000000d6680000)
 ParOldGen       total 68608K, used 58747K [0x0000000080000000, 0x0000000084300000, 0x00000000d5580000)
  object space 68608K, 85% used [0x0000000080000000,0x000000008395ed68,0x0000000084300000)
 Metaspace       used 64472K, committed 65856K, reserved 1114112K
  class space    used 6860K, committed 7488K, reserved 1048576K
}
Event: 14.092 GC heap before
{Heap before GC invocations=45 (full 3):
 PSYoungGen      total 13312K, used 12544K [0x00000000d5580000, 0x00000000d6680000, 0x0000000100000000)
  eden space 11264K, 100% used [0x00000000d5580000,0x00000000d6080000,0x00000000d6080000)
  from space 2048K, 62% used [0x00000000d6280000,0x00000000d63c0000,0x00000000d6480000)
  to   space 1536K, 0% used [0x00000000d6500000,0x00000000d6500000,0x00000000d6680000)
 ParOldGen       total 68608K, used 58747K [0x0000000080000000, 0x0000000084300000, 0x00000000d5580000)
  object space 68608K, 85% used [0x0000000080000000,0x000000008395ed68,0x0000000084300000)
 Metaspace       used 64636K, committed 65984K, reserved 1114112K
  class space    used 6862K, committed 7488K, reserved 1048576K
}
Event: 14.093 GC heap after
{Heap after GC invocations=45 (full 3):
 PSYoungGen      total 12288K, used 576K [0x00000000d5580000, 0x00000000d6600000, 0x0000000100000000)
  eden space 11264K, 0% used [0x00000000d5580000,0x00000000d5580000,0x00000000d6080000)
  from space 1024K, 56% used [0x00000000d6500000,0x00000000d6590000,0x00000000d6600000)
  to   space 1024K, 0% used [0x00000000d6400000,0x00000000d6400000,0x00000000d6500000)
 ParOldGen       total 68608K, used 58899K [0x0000000080000000, 0x0000000084300000, 0x00000000d5580000)
  object space 68608K, 85% used [0x0000000080000000,0x0000000083984d68,0x0000000084300000)
 Metaspace       used 64636K, committed 65984K, reserved 1114112K
  class space    used 6862K, committed 7488K, reserved 1048576K
}

